BioNetGen version 2.8.5
Reading from file /Users/ramalingamkannan/Mathematic-Models-for-Cancer-Therapies/bngl_modelling/histidine/2023_11_13__14_53_52/histidine/2023_11_23__05_31_50/histidine.bngl (level 0)
Read 2 parameters.
Read 3 molecule types.
Read 3 species.
Read 1 reaction rule(s).
ACTION: generate_network( histidine )
Iteration   0:     3 species      0 rxns  0.00e+00 CPU s
Iteration   1:     3 species      1 rxns  0.00e+00 CPU s
Cumulative CPU time for each rule
Rule   1:     1 reactions 0.00e+00 CPU s 0.00e+00 CPU s/rxn
Total   :     1 reactions 0.00e+00 CPU s 0.00e+00 CPU s/rxn
Wrote network in net format to ./histidine.net.
CPU TIME: generate_network 0.00 s.
ACTION: simulate( method=>"cvode" )
Network simulation using cvode
WARNING: writeFile(): Overwriting existing file ./histidine.net.
Wrote network in net format to ./histidine.net.
Running run_network on Ramalingams-MacBook-Air.local
full command: /opt/homebrew/lib/python3.11/site-packages/bionetgen/bng-mac/bin/run_network -o ./histidine -p cvode -a 1e-08 -r 1e-08 --cdat 1 --fdat 0 -g ./histidine.net ./histidine.net 0.02 50000
[simulation PID is: 19421]
run_network 3.0
Read 2 parameters from ./histidine.net
Read 3 species from ./histidine.net
Read 0 group(s) from ./histidine.net
Read 0 function(s) from ./histidine.net
Read 1 reaction(s) from ./histidine.net
1 reaction(s) have nonzero rate
Initialization took 0.30 CPU seconds
Propagating with cvode using dense LU
Time course of concentrations written to file ./histidine.cdat.
Propagation took 2.40e-01 CPU seconds
Program times:  0.54 CPU s 0.00 clock s
Updating species concentrations from ./histidine.cdat
CPU TIME: simulate_ode 0.55 s.
Finished processing file /Users/ramalingamkannan/Mathematic-Models-for-Cancer-Therapies/bngl_modelling/histidine/2023_11_13__14_53_52/histidine/2023_11_23__05_31_50/histidine.bngl.
CPU TIME: total 0.55 s.