BioNetGen version 2.8.5
Reading from file /Users/ramalingamkannan/Mathematic-Models-for-Cancer-Therapies/bngl_model/histidine/2023_11_13__14_25_11/histidine.bngl (level 0)
Read 2 parameters.
Read 5 molecule types.
Read 5 species.
Read 2 reaction rule(s).
ACTION: generate_network( histidine )
Iteration   0:     5 species      0 rxns  0.00e+00 CPU s
Iteration   1:     5 species      2 rxns  0.00e+00 CPU s
Cumulative CPU time for each rule
Rule   1:     1 reactions 0.00e+00 CPU s 0.00e+00 CPU s/rxn
Rule   2:     1 reactions 0.00e+00 CPU s 0.00e+00 CPU s/rxn
Total   :     2 reactions 0.00e+00 CPU s 0.00e+00 CPU s/rxn
Wrote network in net format to ./histidine.net.
CPU TIME: generate_network 0.00 s.
ACTION: simulate( method=>"cvode" )
Network simulation using cvode
WARNING: writeFile(): Overwriting existing file ./histidine.net.
Wrote network in net format to ./histidine.net.
Running run_network on Ramalingams-MacBook-Air.local
full command: /opt/homebrew/lib/python3.11/site-packages/bionetgen/bng-mac/bin/run_network -o ./histidine -p cvode -a 1e-08 -r 1e-08 --cdat 1 --fdat 0 -g ./histidine.net ./histidine.net 0.2 500
[simulation PID is: 91884]
run_network 3.0
Read 2 parameters from ./histidine.net
Read 5 species from ./histidine.net
Read 0 group(s) from ./histidine.net
Read 0 function(s) from ./histidine.net
Read 2 reaction(s) from ./histidine.net
2 reaction(s) have nonzero rate
Initialization took 0.30 CPU seconds
Propagating with cvode using dense LU
Time course of concentrations written to file ./histidine.cdat.
Propagation took 1.00e-02 CPU seconds
Program times:  0.31 CPU s 0.00 clock s
Updating species concentrations from ./histidine.cdat
CPU TIME: simulate_ode 0.32 s.
Finished processing file /Users/ramalingamkannan/Mathematic-Models-for-Cancer-Therapies/bngl_model/histidine/2023_11_13__14_25_11/histidine.bngl.
CPU TIME: total 0.32 s.